[TIMING] validate: 17.2s
[TIMING] features: 0.6s
[TIMING] df.copy snapshot: 0.1s
L2-05 S1 found 29 large groups above 500 rows
[TIMING] base_detectors_parallel: 68.7s
[TIMING] detect_variance: 0.0s
[TIMING] detect_ml: 0.0s
[TIMING] detection: 68.8s
[TIMING] aggregate: 6.0s
[TIMING] shap: 0.0s
타입 캐스팅 경고: ['approval_date: 캐스팅 후 결측률 72.1% (임계 10% 초과)', 'delivery_date: 캐스팅 후 결측률 56.9% (임계 10% 초과)', 'document_number: 캐스팅 후 결측률 100.0% — 오매핑 의심', 'is_cleared: 캐스팅 후 결측률 95.0% — 오매핑 의심', 'tax_amount: 캐스팅 후 결측률 76.4% (임계 10% 초과)']
[TIMING] validate: 16.1s
[TIMING] features: 9.7s
[TIMING] df.copy snapshot: 0.2s
L2-05 S1 found 29 large groups above 500 rows
[TIMING] base_detectors_parallel: 73.0s
[TIMING] detect_variance: 0.0s
[TIMING] detect_ml: 0.0s
[TIMING] detection: 73.1s
[TIMING] aggregate: 6.0s
[TIMING] shap: 0.0s
타입 캐스팅 경고: ['approval_date: 캐스팅 후 결측률 72.1% (임계 10% 초과)', 'delivery_date: 캐스팅 후 결측률 56.9% (임계 10% 초과)', 'document_number: 캐스팅 후 결측률 100.0% — 오매핑 의심', 'is_cleared: 캐스팅 후 결측률 95.0% — 오매핑 의심', 'tax_amount: 캐스팅 후 결측률 76.4% (임계 10% 초과)']
[TIMING] validate: 15.7s
[TIMING] features: 9.4s
[TIMING] df.copy snapshot: 0.2s
L2-05 S1 found 29 large groups above 500 rows
[TIMING] base_detectors_parallel: 74.9s
[TIMING] detect_variance: 0.0s
[TIMING] detect_ml: 0.0s
[TIMING] detection: 75.0s
[TIMING] aggregate: 6.1s
[TIMING] shap: 0.0s
타입 캐스팅 경고: ['approval_date: 캐스팅 후 결측률 72.1% (임계 10% 초과)', 'delivery_date: 캐스팅 후 결측률 56.9% (임계 10% 초과)', 'document_number: 캐스팅 후 결측률 100.0% — 오매핑 의심', 'is_cleared: 캐스팅 후 결측률 95.0% — 오매핑 의심', 'tax_amount: 캐스팅 후 결측률 76.4% (임계 10% 초과)']
[TIMING] validate: 16.0s
[TIMING] features: 9.6s
[TIMING] df.copy snapshot: 0.3s
L2-05 S1 found 29 large groups above 500 rows
[TIMING] base_detectors_parallel: 74.5s
[TIMING] detect_variance: 0.0s
[TIMING] detect_ml: 0.0s
[TIMING] detection: 74.7s
[TIMING] aggregate: 6.0s
[TIMING] shap: 0.0s
=== datasynth_semantic_v1_phase2_fraud_s10_20260718_r1 ===
표면 커버리지: 194/330 (58.8%)
프리셋 estimate_related_party       적중   0 / 표면   1203 (밀도 0.0000) schemes=0
프리셋 revenue_recognition          적중   8 / 표면    260 (밀도 0.0308) schemes=1
프리셋 reversal_concealment         적중 101 / 표면  10834 (밀도 0.0093) schemes=12
프리셋 expense_capitalization       적중  25 / 표면    235 (밀도 0.1064) schemes=3
몸통 전체 OR: 적중 166 / 표면 55645 (50.3%)
-> C:\Users\ghdtj\workspace\portfolio\local-ai-assist\reports\s5_fraud_overlay\builder_performance_datasynth_semantic_v1_phase2_fraud_s10_20260718_r1.json
=== datasynth_semantic_v1_phase2_fraud_s10_20260718_r1_seed1 ===
표면 커버리지: 203/330 (61.5%)
프리셋 estimate_related_party       적중   2 / 표면   1205 (밀도 0.0017) schemes=2
프리셋 revenue_recognition          적중  10 / 표면    262 (밀도 0.0382) schemes=1
프리셋 reversal_concealment         적중  97 / 표면  10743 (밀도 0.0090) schemes=12
프리셋 expense_capitalization       적중  21 / 표면    230 (밀도 0.0913) schemes=3
몸통 전체 OR: 적중 168 / 표면 55594 (50.9%)
-> C:\Users\ghdtj\workspace\portfolio\local-ai-assist\reports\s5_fraud_overlay\builder_performance_datasynth_semantic_v1_phase2_fraud_s10_20260718_r1_seed1.json
=== datasynth_semantic_v1_phase2_fraud_s10_20260718_r1_seed2 ===
표면 커버리지: 202/330 (61.2%)
프리셋 estimate_related_party       적중   1 / 표면   1204 (밀도 0.0008) schemes=1
프리셋 revenue_recognition          적중  10 / 표면    262 (밀도 0.0382) schemes=1
프리셋 reversal_concealment         적중  83 / 표면  10745 (밀도 0.0077) schemes=13
프리셋 expense_capitalization       적중  23 / 표면    232 (밀도 0.0991) schemes=3
몸통 전체 OR: 적중 164 / 표면 55596 (49.7%)
-> C:\Users\ghdtj\workspace\portfolio\local-ai-assist\reports\s5_fraud_overlay\builder_performance_datasynth_semantic_v1_phase2_fraud_s10_20260718_r1_seed2.json
=== datasynth_semantic_v1_phase2_fraud_s10_20260718_r1_seed3 ===
표면 커버리지: 203/330 (61.5%)
프리셋 estimate_related_party       적중   0 / 표면   1203 (밀도 0.0000) schemes=0
프리셋 revenue_recognition          적중   6 / 표면    258 (밀도 0.0233) schemes=1
프리셋 reversal_concealment         적중  93 / 표면  10795 (밀도 0.0086) schemes=12
프리셋 expense_capitalization       적중  20 / 표면    229 (밀도 0.0873) schemes=3
몸통 전체 OR: 적중 165 / 표면 55621 (50.0%)
-> C:\Users\ghdtj\workspace\portfolio\local-ai-assist\reports\s5_fraud_overlay\builder_performance_datasynth_semantic_v1_phase2_fraud_s10_20260718_r1_seed3.json

=== seed 합산 ===
{
  "datasets": [
    "datasynth_semantic_v1_phase2_fraud_s10_20260718_r1",
    "datasynth_semantic_v1_phase2_fraud_s10_20260718_r1_seed1",
    "datasynth_semantic_v1_phase2_fraud_s10_20260718_r1_seed2",
    "datasynth_semantic_v1_phase2_fraud_s10_20260718_r1_seed3"
  ],
  "surface_coverage_rates": [
    0.5879,
    0.6152,
    0.6121,
    0.6152
  ],
  "preset_hit_totals": {
    "estimate_related_party": 3,
    "revenue_recognition": 34,
    "reversal_concealment": 374,
    "expense_capitalization": 89
  },
  "fraud_docs_total": 1320
}
