=== base 학습: datasynth_semantic_v1_normal_s10_c001_20260717 ===
타입 캐스팅 경고: ['approval_date: 캐스팅 후 결측률 72.0% (임계 10% 초과)', 'delivery_date: 캐스팅 후 결측률 56.8% (임계 10% 초과)', 'document_number: 캐스팅 후 결측률 100.0% — 오매핑 의심', 'is_cleared: 캐스팅 후 결측률 95.0% — 오매핑 의심', 'tax_amount: 캐스팅 후 결측률 76.5% (임계 10% 초과)']
[TIMING] validate: 16.2s
[TIMING] features: 8.9s
[TIMING] df.copy snapshot: 0.3s
L2-05 S1 found 29 large groups above 500 rows
[TIMING] base_detectors_parallel: 66.5s
[TIMING] detect_variance: 0.0s
[TIMING] detect_ml: 0.0s
[TIMING] detection: 66.7s
[TIMING] aggregate: 6.3s
[TIMING] shap: 0.0s
컬럼 'batch_type' 결측률 96.1% → excluded
컬럼 'original_document_id' 결측률 100.0% → excluded
컬럼 'reversal_document_id' 결측률 100.0% → excluded
컬럼 'reversal_type' 결측률 100.0% → excluded
컬럼 'reversal_reason' 결측률 100.0% → excluded
컬럼 'reversal_reason_code' 결측률 100.0% → excluded
컬럼 'is_cleared' 결측률 95.0% → excluded
컬럼 'approval_excess_ratio' 결측률 98.6% → excluded
학습 완료: 50000행 × 71피처
=== 채점: datasynth_semantic_v1_phase2_fraud_s10_20260718_r1 ===
[TIMING] validate: 16.4s
[TIMING] features: 0.6s
[TIMING] df.copy snapshot: 0.1s
L2-05 S1 found 29 large groups above 500 rows
[TIMING] base_detectors_parallel: 70.1s
[TIMING] detect_variance: 0.0s
[TIMING] detect_ml: 0.0s
[TIMING] detection: 70.2s
[TIMING] aggregate: 6.2s
[TIMING] shap: 0.0s
컬럼 'batch_type' 결측률 96.1% → excluded
컬럼 'original_document_id' 결측률 100.0% → excluded
컬럼 'reversal_document_id' 결측률 99.9% → excluded
컬럼 'reversal_type' 결측률 99.9% → excluded
컬럼 'reversal_reason' 결측률 100.0% → excluded
컬럼 'reversal_reason_code' 결측률 99.9% → excluded
컬럼 'is_cleared' 결측률 95.0% → excluded
컬럼 'approval_excess_ratio' 결측률 98.6% → excluded
AUROC(doc) 0.5245 | recall@1% 0.0 | recall@0.5% 0.0 | 상보성 {'phase1_missed_docs': 133, 'vae_top1pct_recovers': 0, 'recovered_schemes': []}
=== 채점: datasynth_semantic_v1_phase2_fraud_s10_20260718_r1_seed1 ===
[TIMING] validate: 12.2s
[TIMING] features: 0.5s
[TIMING] df.copy snapshot: 0.1s
L2-05 S1 found 29 large groups above 500 rows
[TIMING] base_detectors_parallel: 54.2s
[TIMING] detect_variance: 0.0s
[TIMING] detect_ml: 0.0s
[TIMING] detection: 54.3s
[TIMING] aggregate: 5.0s
[TIMING] shap: 0.0s
컬럼 'batch_type' 결측률 96.1% → excluded
컬럼 'original_document_id' 결측률 100.0% → excluded
컬럼 'reversal_document_id' 결측률 99.9% → excluded
컬럼 'reversal_type' 결측률 99.9% → excluded
컬럼 'reversal_reason' 결측률 100.0% → excluded
컬럼 'reversal_reason_code' 결측률 99.9% → excluded
컬럼 'is_cleared' 결측률 95.0% → excluded
컬럼 'approval_excess_ratio' 결측률 98.6% → excluded
AUROC(doc) 0.509 | recall@1% 0.003 | recall@0.5% 0.003 | 상보성 {'phase1_missed_docs': 127, 'vae_top1pct_recovers': 0, 'recovered_schemes': []}
=== 채점: datasynth_semantic_v1_phase2_fraud_s10_20260718_r1_seed2 ===
[TIMING] validate: 14.1s
[TIMING] features: 0.6s
[TIMING] df.copy snapshot: 0.1s
L2-05 S1 found 29 large groups above 500 rows
[TIMING] base_detectors_parallel: 58.7s
[TIMING] detect_variance: 0.0s
[TIMING] detect_ml: 0.0s
[TIMING] detection: 58.8s
[TIMING] aggregate: 5.2s
[TIMING] shap: 0.0s
컬럼 'batch_type' 결측률 96.1% → excluded
컬럼 'original_document_id' 결측률 100.0% → excluded
컬럼 'reversal_document_id' 결측률 99.9% → excluded
컬럼 'reversal_type' 결측률 99.9% → excluded
컬럼 'reversal_reason' 결측률 100.0% → excluded
컬럼 'reversal_reason_code' 결측률 99.9% → excluded
컬럼 'is_cleared' 결측률 95.0% → excluded
컬럼 'approval_excess_ratio' 결측률 98.6% → excluded
AUROC(doc) 0.5105 | recall@1% 0.0061 | recall@0.5% 0.0061 | 상보성 {'phase1_missed_docs': 126, 'vae_top1pct_recovers': 2, 'recovered_schemes': ['FS01', 'FS03']}
=== 채점: datasynth_semantic_v1_phase2_fraud_s10_20260718_r1_seed3 ===
[TIMING] validate: 12.4s
[TIMING] features: 0.6s
[TIMING] df.copy snapshot: 0.1s
L2-05 S1 found 29 large groups above 500 rows
[TIMING] base_detectors_parallel: 55.0s
[TIMING] detect_variance: 0.0s
[TIMING] detect_ml: 0.0s
[TIMING] detection: 55.0s
[TIMING] aggregate: 5.2s
[TIMING] shap: 0.0s
컬럼 'batch_type' 결측률 96.1% → excluded
컬럼 'original_document_id' 결측률 100.0% → excluded
컬럼 'reversal_document_id' 결측률 99.9% → excluded
컬럼 'reversal_type' 결측률 99.9% → excluded
컬럼 'reversal_reason' 결측률 100.0% → excluded
컬럼 'reversal_reason_code' 결측률 99.9% → excluded
컬럼 'is_cleared' 결측률 95.0% → excluded
컬럼 'approval_excess_ratio' 결측률 98.6% → excluded
AUROC(doc) 0.5307 | recall@1% 0.0061 | recall@0.5% 0.0061 | 상보성 {'phase1_missed_docs': 126, 'vae_top1pct_recovers': 0, 'recovered_schemes': []}
=== seed 합산 ===
{
  "datasets": [
    "datasynth_semantic_v1_phase2_fraud_s10_20260718_r1",
    "datasynth_semantic_v1_phase2_fraud_s10_20260718_r1_seed1",
    "datasynth_semantic_v1_phase2_fraud_s10_20260718_r1_seed2",
    "datasynth_semantic_v1_phase2_fraud_s10_20260718_r1_seed3"
  ],
  "auroc_mean": 0.5187,
  "recall_at_top1pct_mean": 0.0038,
  "recovered_by_vae_total": 2
}
